<?xml version="1.0" encoding="UTF-8"?>
<coverage generated="1738073676909" clover="3.2.0">
  <project timestamp="1738073676909" name="All files">
    <metrics statements="33" coveredstatements="23" conditionals="15" coveredconditionals="7" methods="3" coveredmethods="3" elements="51" coveredelements="33" complexity="0" loc="33" ncloc="33" packages="1" files="1" classes="1"/>
    <file name="suppression.ts" path="/Users/bockyanggoh/Projects/poc-nag/lib/nag/suppression.ts">
      <metrics statements="33" coveredstatements="23" conditionals="15" coveredconditionals="7" methods="3" coveredmethods="3"/>
      <line num="3" count="1" type="stmt"/>
      <line num="4" count="1" type="stmt"/>
      <line num="6" count="1" type="stmt"/>
      <line num="21" count="1" type="stmt"/>
      <line num="24" count="2" type="cond" truecount="2" falsecount="1"/>
      <line num="25" count="0" type="stmt"/>
      <line num="27" count="2" type="cond" truecount="1" falsecount="2"/>
      <line num="28" count="0" type="stmt"/>
      <line num="31" count="2" type="cond" truecount="1" falsecount="1"/>
      <line num="32" count="0" type="cond" truecount="0" falsecount="1"/>
      <line num="33" count="0" type="stmt"/>
      <line num="35" count="0" type="cond" truecount="0" falsecount="1"/>
      <line num="36" count="0" type="stmt"/>
      <line num="38" count="0" type="stmt"/>
      <line num="39" count="2" type="cond" truecount="1" falsecount="1"/>
      <line num="40" count="2" type="stmt"/>
      <line num="42" count="0" type="stmt"/>
      <line num="44" count="2" type="stmt"/>
      <line num="45" count="2" type="cond" truecount="0" falsecount="1"/>
      <line num="46" count="0" type="stmt"/>
      <line num="48" count="2" type="stmt"/>
      <line num="53" count="10" type="stmt"/>
      <line num="54" count="10" type="stmt"/>
      <line num="55" count="10" type="cond" truecount="1" falsecount="0"/>
      <line num="56" count="1" type="stmt"/>
      <line num="57" count="1" type="stmt"/>
      <line num="59" count="9" type="stmt"/>
      <line num="60" count="9" type="stmt"/>
      <line num="61" count="9" type="stmt"/>
      <line num="63" count="0" type="stmt"/>
      <line num="66" count="9" type="cond" truecount="1" falsecount="0"/>
      <line num="67" count="8" type="stmt"/>
      <line num="69" count="1" type="stmt"/>
    </file>
  </project>
</coverage>
