{"/Users/bockyanggoh/Projects/poc-nag/lib/nag/suppression.ts": {"path":"/Users/bockyanggoh/Projects/poc-nag/lib/nag/suppression.ts","statementMap":{"0":{"start":{"line":3,"column":0},"end":{"line":3,"column":25}},"1":{"start":{"line":4,"column":0},"end":{"line":4,"column":24}},"2":{"start":{"line":6,"column":26},"end":{"line":12,"column":3}},"3":{"start":{"line":24,"column":8},"end":{"line":26,"column":9}},"4":{"start":{"line":25,"column":12},"end":{"line":25,"column":68}},"5":{"start":{"line":27,"column":8},"end":{"line":29,"column":9}},"6":{"start":{"line":28,"column":12},"end":{"line":28,"column":72}},"7":{"start":{"line":31,"column":8},"end":{"line":43,"column":9}},"8":{"start":{"line":32,"column":12},"end":{"line":34,"column":13}},"9":{"start":{"line":33,"column":16},"end":{"line":33,"column":72}},"10":{"start":{"line":35,"column":12},"end":{"line":37,"column":13}},"11":{"start":{"line":36,"column":16},"end":{"line":36,"column":67}},"12":{"start":{"line":38,"column":12},"end":{"line":38,"column":61}},"13":{"start":{"line":39,"column":15},"end":{"line":43,"column":9}},"14":{"start":{"line":40,"column":12},"end":{"line":40,"column":35}},"15":{"start":{"line":42,"column":12},"end":{"line":42,"column":68}},"16":{"start":{"line":44,"column":27},"end":{"line":44,"column":72}},"17":{"start":{"line":45,"column":8},"end":{"line":47,"column":9}},"18":{"start":{"line":46,"column":12},"end":{"line":46,"column":56}},"19":{"start":{"line":48,"column":8},"end":{"line":48,"column":44}},"20":{"start":{"line":53,"column":25},"end":{"line":53,"column":45}},"21":{"start":{"line":54,"column":28},"end":{"line":54,"column":55}},"22":{"start":{"line":55,"column":8},"end":{"line":58,"column":9}},"23":{"start":{"line":56,"column":13},"end":{"line":56,"column":70}},"24":{"start":{"line":57,"column":12},"end":{"line":57,"column":19}},"25":{"start":{"line":59,"column":30},"end":{"line":65,"column":10}},"26":{"start":{"line":60,"column":12},"end":{"line":64,"column":13}},"27":{"start":{"line":61,"column":16},"end":{"line":61,"column":43}},"28":{"start":{"line":63,"column":16},"end":{"line":63,"column":29}},"29":{"start":{"line":66,"column":8},"end":{"line":68,"column":9}},"30":{"start":{"line":67,"column":12},"end":{"line":67,"column":19}},"31":{"start":{"line":69,"column":9},"end":{"line":69,"column":87}},"32":{"start":{"line":21,"column":0},"end":{"line":21,"column":13}}},"fnMap":{"0":{"name":"(anonymous_0)","decl":{"start":{"line":23,"column":4},"end":{"line":23,"column":23}},"loc":{"start":{"line":23,"column":54},"end":{"line":50,"column":5}}},"1":{"name":"(anonymous_1)","decl":{"start":{"line":52,"column":11},"end":{"line":52,"column":16}},"loc":{"start":{"line":52,"column":33},"end":{"line":70,"column":5}}},"2":{"name":"(anonymous_2)","decl":{"start":{"line":59,"column":66},"end":{"line":59,"column":67}},"loc":{"start":{"line":59,"column":82},"end":{"line":65,"column":9}}}},"branchMap":{"0":{"loc":{"start":{"line":24,"column":8},"end":{"line":26,"column":9}},"type":"if","locations":[{"start":{"line":24,"column":8},"end":{"line":26,"column":9}}]},"1":{"loc":{"start":{"line":24,"column":12},"end":{"line":24,"column":48}},"type":"binary-expr","locations":[{"start":{"line":24,"column":12},"end":{"line":24,"column":28}},{"start":{"line":24,"column":32},"end":{"line":24,"column":48}}]},"2":{"loc":{"start":{"line":27,"column":8},"end":{"line":29,"column":9}},"type":"if","locations":[{"start":{"line":27,"column":8},"end":{"line":29,"column":9}}]},"3":{"loc":{"start":{"line":27,"column":12},"end":{"line":27,"column":46}},"type":"binary-expr","locations":[{"start":{"line":27,"column":12},"end":{"line":27,"column":27}},{"start":{"line":27,"column":31},"end":{"line":27,"column":46}}]},"4":{"loc":{"start":{"line":31,"column":8},"end":{"line":43,"column":9}},"type":"if","locations":[{"start":{"line":31,"column":8},"end":{"line":43,"column":9}},{"start":{"line":39,"column":15},"end":{"line":43,"column":9}}]},"5":{"loc":{"start":{"line":32,"column":12},"end":{"line":34,"column":13}},"type":"if","locations":[{"start":{"line":32,"column":12},"end":{"line":34,"column":13}}]},"6":{"loc":{"start":{"line":35,"column":12},"end":{"line":37,"column":13}},"type":"if","locations":[{"start":{"line":35,"column":12},"end":{"line":37,"column":13}}]},"7":{"loc":{"start":{"line":39,"column":15},"end":{"line":43,"column":9}},"type":"if","locations":[{"start":{"line":39,"column":15},"end":{"line":43,"column":9}},{"start":{"line":41,"column":15},"end":{"line":43,"column":9}}]},"8":{"loc":{"start":{"line":45,"column":8},"end":{"line":47,"column":9}},"type":"if","locations":[{"start":{"line":45,"column":8},"end":{"line":47,"column":9}}]},"9":{"loc":{"start":{"line":55,"column":8},"end":{"line":58,"column":9}},"type":"if","locations":[{"start":{"line":55,"column":8},"end":{"line":58,"column":9}}]},"10":{"loc":{"start":{"line":66,"column":8},"end":{"line":68,"column":9}},"type":"if","locations":[{"start":{"line":66,"column":8},"end":{"line":68,"column":9}}]}},"s":{"0":1,"1":1,"2":1,"3":2,"4":0,"5":2,"6":0,"7":2,"8":0,"9":0,"10":0,"11":0,"12":0,"13":2,"14":2,"15":0,"16":2,"17":2,"18":0,"19":2,"20":10,"21":10,"22":10,"23":1,"24":1,"25":9,"26":9,"27":9,"28":0,"29":9,"30":8,"31":1,"32":1},"f":{"0":2,"1":10,"2":9},"b":{"0":[0],"1":[2,2],"2":[0],"3":[2,0],"4":[0,2],"5":[0],"6":[0],"7":[2,0],"8":[0],"9":[1],"10":[8]}}
}
