TN:
SF:lib/nag/suppression.ts
FN:23,(anonymous_0)
FN:52,(anonymous_1)
FN:59,(anonymous_2)
FNF:3
FNH:3
FNDA:2,(anonymous_0)
FNDA:10,(anonymous_1)
FNDA:9,(anonymous_2)
DA:3,1
DA:4,1
DA:6,1
DA:21,1
DA:24,2
DA:25,0
DA:27,2
DA:28,0
DA:31,2
DA:32,0
DA:33,0
DA:35,0
DA:36,0
DA:38,0
DA:39,2
DA:40,2
DA:42,0
DA:44,2
DA:45,2
DA:46,0
DA:48,2
DA:53,10
DA:54,10
DA:55,10
DA:56,1
DA:57,1
DA:59,9
DA:60,9
DA:61,9
DA:63,0
DA:66,9
DA:67,8
DA:69,1
LF:33
LH:23
BRDA:24,0,0,0
BRDA:24,1,0,2
BRDA:24,1,1,2
BRDA:27,2,0,0
BRDA:27,3,0,2
BRDA:27,3,1,0
BRDA:31,4,0,0
BRDA:31,4,1,2
BRDA:32,5,0,0
BRDA:35,6,0,0
BRDA:39,7,0,2
BRDA:39,7,1,0
BRDA:45,8,0,0
BRDA:55,9,0,1
BRDA:66,10,0,8
BRF:15
BRH:7
end_of_record
